SF:lib\portifolio\repository\cryptos_repository.dart
DA:9,4
DA:11,4
DA:12,8
DA:14,1
DA:15,1
DA:16,2
DA:17,1
DA:18,1
LF:8
LH:8
end_of_record
SF:lib\portifolio\usecase\cryptos_usecase.dart
DA:7,4
DA:9,4
DA:10,8
DA:11,1
LF:4
LH:4
end_of_record
SF:lib\shared\api\models\endpoints\cryptos_endpoint.dart
DA:7,6
DA:9,4
DA:10,8
DA:11,8
DA:14,2
DA:15,4
DA:16,4
LF:7
LH:7
end_of_record
SF:lib\portifolio\mapper\cryptos_mapper.dart
DA:6,1
DA:7,1
DA:8,1
DA:9,2
DA:10,1
DA:11,1
DA:12,1
DA:13,1
DA:14,1
DA:15,1
DA:18,1
LF:11
LH:11
end_of_record
SF:lib\portifolio\model\crypto_view_data.dart
DA:8,9
LF:1
LH:1
end_of_record
SF:lib\shared\api\models\cryptos\get_all_cryptos_response.dart
DA:10,1
DA:12,0
DA:13,0
DA:15,0
LF:4
LH:1
end_of_record
SF:lib\shared\api\models\cryptos\get_all_cryptos_response.g.dart
DA:9,0
DA:11,0
DA:12,0
DA:13,0
DA:14,0
DA:17,0
DA:19,0
DA:20,0
LF:8
LH:0
end_of_record
SF:lib\shared\api\models\cryptos\cryptos_response.dart
DA:13,1
DA:22,1
DA:23,1
DA:25,0
LF:4
LH:3
end_of_record
SF:lib\shared\api\models\cryptos\cryptos_response.g.dart
DA:9,1
DA:10,1
DA:11,1
DA:12,1
DA:13,1
DA:14,1
DA:15,2
DA:16,2
DA:19,0
DA:20,0
DA:21,0
DA:22,0
DA:23,0
DA:24,0
DA:25,0
DA:26,0
LF:16
LH:8
end_of_record
SF:lib\details\repository\market_data_repository.dart
DA:7,2
DA:9,2
DA:10,4
DA:11,2
LF:4
LH:4
end_of_record
SF:lib\details\usecase\cryptos_market_data_usecase.dart
DA:7,2
DA:9,2
DA:10,4
DA:11,1
LF:4
LH:4
end_of_record
SF:lib\details\mapper\cryptos_market_data_mapper.dart
DA:6,1
DA:7,1
DA:8,1
DA:9,2
DA:10,1
LF:5
LH:5
end_of_record
SF:lib\details\model\cryptos_market_data_view_data.dart
DA:3,3
LF:1
LH:1
end_of_record
SF:lib\shared\api\models\cryptos_market_data\market_data_response.dart
DA:9,1
DA:13,1
DA:14,1
DA:16,0
LF:4
LH:3
end_of_record
SF:lib\shared\api\models\cryptos_market_data\market_data_response.g.dart
DA:9,1
DA:10,1
DA:11,1
DA:12,5
DA:13,1
DA:16,0
DA:17,0
DA:18,0
LF:8
LH:5
end_of_record
SF:lib\movements\view\model\movement_model.dart
DA:10,3
LF:1
LH:1
end_of_record
SF:lib\conversion\methods\conversion_methods.dart
DA:11,2
DA:12,4
DA:15,2
DA:16,4
DA:19,3
DA:22,5
DA:25,6
DA:30,3
DA:31,3
DA:32,6
DA:34,3
DA:38,3
DA:39,3
DA:40,9
DA:42,4
DA:43,8
DA:46,1
DA:48,1
DA:49,1
DA:52,2
DA:54,1
DA:55,1
DA:58,1
DA:60,1
DA:61,1
DA:62,1
DA:63,1
DA:64,1
DA:65,2
DA:66,1
DA:67,1
DA:68,1
DA:69,1
LF:33
LH:33
end_of_record
SF:lib\revision\view\conversion_performed_screen.dart
DA:7,16
DA:9,0
DA:11,1
DA:13,1
DA:21,1
DA:23,1
DA:25,2
DA:29,2
DA:32,2
DA:33,3
DA:36,1
DA:38,2
DA:39,1
DA:42,1
DA:44,1
DA:45,1
DA:48,1
DA:49,1
DA:50,1
DA:61,1
DA:62,1
DA:64,1
DA:65,1
DA:66,2
DA:67,1
DA:68,1
DA:69,2
DA:70,2
DA:71,1
DA:72,1
DA:82,1
DA:83,2
DA:87,1
DA:88,2
DA:89,2
LF:35
LH:34
end_of_record
SF:lib\l10n\core_strings.dart
DA:64,30
DA:68,10
DA:69,10
DA:250,15
DA:252,10
DA:254,20
DA:257,10
DA:258,30
DA:260,0
DA:264,10
DA:268,10
DA:269,20
DA:270,3
DA:271,2
DA:274,0
LF:15
LH:13
end_of_record
SF:lib\conversion\controller\cryptos_provider.dart
DA:4,4
DA:5,6
LF:2
LH:2
end_of_record
SF:lib\conversion\widgets\button_change_coin.dart
DA:15,2
DA:22,2
DA:23,2
DA:27,2
DA:29,2
DA:31,2
DA:32,2
DA:33,4
DA:35,1
DA:36,1
DA:44,1
DA:45,1
DA:47,1
DA:48,1
DA:49,1
DA:54,1
DA:56,1
DA:57,1
DA:59,1
DA:60,2
DA:68,1
DA:69,1
DA:70,1
DA:72,3
DA:73,1
DA:74,1
DA:75,1
DA:76,2
DA:77,3
DA:78,5
DA:79,3
DA:80,5
DA:81,3
DA:84,1
DA:86,1
DA:87,4
DA:88,5
DA:100,2
DA:101,2
DA:102,2
DA:105,2
DA:106,6
DA:111,10
LF:43
LH:43
end_of_record
SF:lib\conversion\widgets\list_tile_conversion.dart
DA:6,1
DA:10,1
DA:12,1
DA:14,1
DA:15,2
DA:16,2
DA:17,1
DA:20,1
LF:8
LH:8
end_of_record
SF:lib\conversion\widgets\interactive_text.dart
DA:6,16
DA:8,2
DA:10,2
DA:12,2
DA:13,4
LF:5
LH:5
end_of_record
SF:lib\conversion\widgets\total_container.dart
DA:7,3
DA:12,2
DA:14,2
DA:17,2
DA:19,2
DA:21,2
DA:22,4
DA:23,4
DA:26,2
DA:27,2
LF:10
LH:10
end_of_record
SF:lib\conversion\widgets\upper_container_conversion.dart
DA:9,2
DA:13,2
DA:15,2
DA:17,2
DA:19,8
DA:20,2
DA:22,2
DA:23,2
DA:24,4
DA:25,4
DA:27,2
DA:28,12
LF:12
LH:12
end_of_record
SF:lib\l10n\core_strings_en.dart
DA:5,20
DA:7,2
DA:10,2
DA:13,5
DA:16,5
DA:19,2
DA:21,2
DA:24,2
DA:26,2
DA:29,2
DA:32,2
DA:35,4
DA:38,3
DA:41,3
DA:44,3
DA:47,3
DA:50,4
DA:53,3
DA:56,3
DA:59,1
DA:62,2
DA:65,2
DA:68,3
DA:71,2
DA:74,2
DA:77,2
DA:80,2
DA:83,2
LF:28
LH:28
end_of_record
SF:lib\l10n\core_strings_es.dart
DA:5,2
DA:7,1
DA:10,1
DA:13,1
DA:16,1
DA:19,1
DA:21,1
DA:24,1
DA:26,1
DA:29,1
DA:32,1
DA:35,1
DA:38,1
DA:41,1
DA:44,1
DA:47,1
DA:50,1
DA:53,1
DA:56,1
DA:59,1
DA:62,1
DA:65,1
DA:68,1
DA:71,1
DA:74,1
DA:77,1
DA:80,1
DA:83,1
LF:28
LH:28
end_of_record
SF:lib\l10n\core_strings_pt.dart
DA:5,2
DA:7,1
DA:10,1
DA:13,1
DA:16,1
DA:19,1
DA:21,1
DA:24,1
DA:26,1
DA:29,1
DA:32,1
DA:35,1
DA:38,1
DA:41,1
DA:44,1
DA:47,1
DA:50,1
DA:53,1
DA:56,1
DA:59,1
DA:62,1
DA:65,1
DA:68,1
DA:71,1
DA:74,1
DA:77,1
DA:80,1
DA:83,1
LF:28
LH:28
end_of_record
SF:lib\revision\revision_arguments\revision_arguments_screen.dart
DA:13,2
LF:1
LH:1
end_of_record
SF:lib\conversion\widgets\bottom_sheet_warning_user.dart
DA:3,1
DA:4,1
DA:12,1
DA:13,1
DA:15,1
DA:16,1
DA:18,1
DA:19,1
LF:8
LH:8
end_of_record
SF:lib\conversion\view\conversion_screen.dart
DA:25,2
DA:32,2
DA:33,2
DA:41,2
DA:43,2
DA:44,6
DA:45,4
DA:46,14
DA:50,1
DA:51,2
DA:56,2
DA:58,10
DA:59,6
DA:61,2
DA:62,2
DA:64,2
DA:66,6
DA:67,2
DA:69,2
DA:71,2
DA:72,2
DA:73,4
DA:74,2
DA:75,10
DA:79,2
DA:81,2
DA:82,2
DA:83,4
DA:84,4
DA:87,2
DA:89,1
DA:90,2
DA:91,2
DA:92,2
DA:93,5
DA:97,2
DA:99,4
DA:104,2
DA:106,2
DA:108,2
DA:117,10
DA:118,2
DA:120,2
DA:123,2
DA:124,2
DA:125,2
DA:127,1
DA:128,4
DA:129,2
DA:130,1
DA:131,1
DA:132,4
DA:133,1
DA:135,1
DA:136,4
DA:139,2
DA:140,2
DA:141,4
DA:142,1
DA:143,1
DA:144,2
DA:145,2
DA:146,2
DA:148,1
DA:149,2
DA:150,1
DA:151,3
DA:152,2
DA:153,1
DA:154,2
DA:161,6
DA:162,10
DA:166,2
DA:168,2
DA:169,1
DA:170,3
DA:171,1
DA:172,3
DA:177,2
DA:178,2
DA:180,2
DA:181,8
LF:82
LH:82
end_of_record
SF:lib\portifolio\controller\crypto_individual_balance_notifier.dart
DA:5,6
DA:6,3
DA:7,6
DA:11,9
DA:12,6
DA:13,15
LF:6
LH:6
end_of_record
SF:lib\shared\templates\app_bar_default.dart
DA:6,20
DA:11,4
DA:14,5
DA:16,5
DA:19,5
DA:20,1
DA:21,1
DA:28,5
DA:29,5
LF:9
LH:9
end_of_record
SF:lib\conversion\widgets\total_in_real.dart
DA:7,2
DA:11,2
DA:16,2
DA:18,2
DA:19,4
DA:20,8
DA:21,2
DA:23,2
LF:8
LH:8
end_of_record
SF:lib\details\controller\days_provider.dart
DA:3,8
LF:1
LH:1
end_of_record
SF:lib\details\methods\details_methods.dart
DA:5,2
DA:6,2
DA:7,2
DA:13,2
DA:14,18
DA:15,2
LF:6
LH:6
end_of_record
SF:lib\details\repository\market_data_repository_provider.dart
DA:5,3
DA:6,2
DA:7,2
LF:3
LH:3
end_of_record
SF:lib\shared\api\models\endpoints\cryptos_endpoint_provider.dart
DA:6,12
DA:7,4
DA:8,4
DA:9,4
DA:10,4
LF:5
LH:5
end_of_record
SF:lib\details\usecase\cryptos_market_data_provider.dart
DA:7,3
DA:8,1
DA:9,3
DA:13,2
DA:14,1
DA:15,1
DA:16,3
LF:7
LH:7
end_of_record
SF:lib\details\view\details_screen.dart
DA:20,1
DA:25,1
DA:27,1
DA:29,3
DA:30,1
DA:31,4
DA:32,2
DA:33,4
DA:36,1
DA:37,3
DA:38,1
DA:39,0
DA:40,0
DA:42,0
DA:44,0
DA:47,1
DA:48,3
DA:49,3
DA:50,1
DA:51,0
DA:54,1
LF:21
LH:16
end_of_record
SF:lib\shared\utils\app_arguments.dart
DA:7,4
LF:1
LH:1
end_of_record
SF:lib\shared\templates\error_body.dart
DA:7,2
DA:10,2
DA:12,2
DA:14,2
DA:15,2
DA:18,2
DA:31,2
DA:32,2
LF:8
LH:8
end_of_record
SF:lib\shared\templates\loading_body.dart
DA:6,31
DA:8,2
DA:10,2
DA:11,2
DA:14,2
DA:15,2
DA:16,2
LF:7
LH:7
end_of_record
SF:lib\details\widgets\body_details_screen.dart
DA:23,1
DA:29,1
DA:31,1
DA:33,4
DA:35,1
DA:37,1
DA:39,1
DA:41,2
DA:43,1
DA:44,1
DA:45,4
DA:46,2
DA:47,2
DA:48,2
DA:57,1
DA:59,1
DA:60,2
DA:61,1
DA:62,1
DA:64,1
DA:65,1
DA:66,3
DA:67,2
LF:23
LH:23
end_of_record
SF:lib\details\widgets\column_infos.dart
DA:10,1
DA:17,1
DA:25,1
DA:27,1
DA:28,1
DA:29,1
DA:30,3
DA:31,1
DA:32,7
DA:36,1
DA:37,3
DA:39,2
DA:41,5
DA:43,1
DA:44,2
DA:46,6
DA:48,1
DA:49,2
DA:50,5
LF:19
LH:19
end_of_record
SF:lib\shared\templates\button_default_app.dart
DA:11,2
DA:16,2
DA:18,2
DA:20,2
DA:22,2
DA:23,2
DA:24,2
DA:27,2
DA:28,6
DA:30,2
DA:32,2
DA:33,2
LF:12
LH:12
end_of_record
SF:lib\details\widgets\change_days_button.dart
DA:6,16
DA:9,1
DA:11,1
LF:3
LH:3
end_of_record
SF:lib\details\widgets\chart_details_screen.dart
DA:11,1
DA:14,1
DA:16,1
DA:18,1
DA:19,1
DA:20,1
DA:21,1
DA:22,1
DA:24,1
DA:25,1
DA:26,0
DA:27,0
DA:30,0
DA:32,0
DA:36,1
DA:38,1
DA:44,0
DA:45,0
DA:46,0
DA:47,0
DA:48,0
DA:52,0
DA:56,1
DA:59,1
DA:62,1
DA:64,1
DA:65,1
DA:66,1
DA:71,1
DA:72,1
DA:73,1
DA:86,1
DA:89,7
LF:33
LH:23
end_of_record
SF:lib\details\widgets\upper_column_crypto.dart
DA:10,1
DA:13,1
DA:15,1
DA:17,1
DA:19,1
DA:21,1
DA:22,1
DA:24,1
DA:25,1
DA:26,2
DA:32,1
DA:33,2
DA:38,1
DA:39,3
DA:40,1
DA:41,1
DA:45,1
DA:47,1
DA:48,3
LF:19
LH:19
end_of_record
SF:lib\details\widgets\chart_button.dart
DA:10,16
DA:16,1
DA:17,1
DA:21,1
DA:23,4
DA:25,1
DA:26,1
DA:27,1
DA:28,1
DA:29,3
DA:30,4
DA:34,1
DA:36,1
DA:38,4
DA:39,1
DA:41,1
DA:42,2
LF:17
LH:17
end_of_record
SF:lib\shared\utils\currency_formatter.dart
DA:5,3
DA:6,3
DA:7,6
DA:9,3
LF:4
LH:4
end_of_record
SF:lib\details\widgets\row_infos.dart
DA:9,1
DA:15,1
DA:17,1
DA:19,1
DA:21,1
DA:23,1
DA:24,1
DA:25,1
DA:26,1
DA:28,1
DA:31,1
DA:32,1
DA:33,1
DA:35,1
DA:36,1
LF:15
LH:15
end_of_record
SF:lib\generate_routes.dart
DA:13,6
DA:14,12
DA:15,1
DA:16,1
DA:20,12
DA:21,3
DA:22,3
DA:26,6
DA:27,1
DA:28,1
DA:30,1
DA:31,1
DA:32,1
DA:33,1
DA:34,1
DA:38,4
DA:39,1
DA:40,1
DA:42,1
DA:43,1
DA:44,1
DA:45,1
DA:46,1
DA:50,2
DA:51,1
DA:52,1
DA:54,1
DA:55,1
DA:56,1
DA:57,1
DA:58,1
DA:59,1
DA:60,1
DA:61,1
DA:62,1
DA:63,1
DA:64,1
DA:68,0
DA:69,0
DA:71,0
DA:72,0
DA:73,0
DA:79,0
LF:43
LH:37
end_of_record
SF:lib\portifolio\view\portifolio_screen.dart
DA:13,15
DA:17,1
DA:19,2
DA:20,2
DA:22,1
DA:23,0
DA:24,0
DA:25,0
DA:26,0
DA:28,0
DA:29,0
DA:30,0
DA:31,0
DA:38,1
DA:39,3
DA:40,3
DA:41,1
DA:42,0
DA:45,1
LF:19
LH:10
end_of_record
SF:lib\revision\view\revision_screen.dart
DA:19,2
DA:32,2
DA:34,2
DA:36,2
DA:37,2
DA:38,2
DA:39,2
DA:40,2
DA:41,2
DA:42,2
DA:43,2
DA:44,2
DA:45,2
LF:13
LH:13
end_of_record
SF:lib\movements\view\movements_screen.dart
DA:9,16
DA:13,3
DA:15,12
DA:16,3
DA:17,3
DA:18,3
LF:6
LH:6
end_of_record
SF:lib\shared\controller\movement_provider.dart
DA:5,15
DA:6,5
DA:7,5
LF:3
LH:3
end_of_record
SF:lib\shared\templates\bottom_navigation_bar_app.dart
DA:6,32
DA:8,4
DA:9,4
DA:13,2
DA:15,2
DA:16,0
DA:17,0
DA:21,2
DA:22,2
DA:23,2
DA:30,4
DA:32,4
DA:34,8
DA:35,4
DA:36,4
DA:37,4
DA:41,8
DA:43,4
DA:47,8
LF:19
LH:17
end_of_record
SF:lib\movements\widgets\body_movements.dart
DA:9,3
DA:12,3
DA:14,3
DA:16,3
DA:18,3
DA:20,3
DA:26,3
DA:27,3
DA:28,3
LF:9
LH:9
end_of_record
SF:lib\movements\widgets\container_movements.dart
DA:6,16
DA:10,3
DA:12,3
DA:14,3
DA:15,6
LF:5
LH:5
end_of_record
SF:lib\movements\widgets\list_view_movements.dart
DA:8,3
DA:11,3
DA:13,3
DA:15,3
DA:16,0
DA:20,6
DA:21,1
DA:22,1
DA:23,3
DA:24,3
DA:25,3
DA:26,1
LF:12
LH:11
end_of_record
SF:lib\movements\widgets\list_tile_movements.dart
DA:11,1
DA:17,1
DA:21,1
DA:23,1
DA:24,1
DA:26,1
DA:27,1
DA:28,1
DA:29,1
DA:30,1
DA:33,1
DA:34,1
DA:39,1
DA:41,1
DA:42,1
DA:43,3
DA:44,1
DA:45,1
DA:48,1
DA:49,1
DA:50,1
DA:51,1
LF:22
LH:22
end_of_record
SF:lib\portifolio\controller\balance_provider.dart
DA:3,4
LF:1
LH:1
end_of_record
SF:lib\portifolio\controller\visibility_provider.dart
DA:3,3
DA:4,1
LF:2
LH:2
end_of_record
SF:lib\portifolio\methods\portifolio_methods.dart
DA:4,1
DA:7,2
DA:8,5
LF:3
LH:3
end_of_record
SF:lib\portifolio\repository\cryptos_repository_provider.dart
DA:5,9
DA:6,3
DA:7,3
DA:8,6
LF:4
LH:4
end_of_record
SF:lib\portifolio\usecase\cryptos_provider.dart
DA:6,9
DA:7,3
DA:8,3
DA:9,6
DA:14,9
DA:15,3
DA:16,9
LF:7
LH:7
end_of_record
SF:lib\portifolio\widgets\body_portifolio_screen.dart
DA:11,1
DA:15,1
DA:17,1
DA:19,1
DA:20,1
DA:23,1
DA:25,1
DA:26,1
DA:27,1
LF:9
LH:9
end_of_record
SF:lib\portifolio\widgets\listview_crypto.dart
DA:10,1
DA:14,1
DA:16,1
DA:18,1
DA:20,2
DA:21,1
DA:22,1
DA:23,2
DA:24,1
DA:26,2
DA:27,1
LF:11
LH:11
end_of_record
SF:lib\portifolio\widgets\upper_container_crypto.dart
DA:12,16
DA:14,1
DA:15,1
DA:19,1
DA:21,4
DA:22,5
DA:24,1
DA:28,1
DA:30,1
DA:31,1
DA:33,1
DA:34,1
DA:35,2
DA:43,1
DA:44,1
DA:45,2
DA:46,2
DA:49,1
DA:50,1
DA:54,1
DA:55,1
DA:56,1
DA:64,1
DA:65,2
DA:66,2
LF:25
LH:25
end_of_record
SF:lib\portifolio\widgets\invisible_container.dart
DA:5,30
DA:10,1
DA:12,1
DA:13,1
DA:15,1
DA:16,1
DA:17,1
LF:7
LH:7
end_of_record
SF:lib\portifolio\widgets\listile_crypto.dart
DA:14,1
DA:19,1
DA:21,1
DA:23,3
DA:24,1
DA:25,1
DA:26,1
DA:29,1
DA:30,3
DA:34,1
DA:35,2
DA:38,1
DA:40,1
DA:41,4
DA:42,1
DA:43,4
DA:47,1
DA:49,1
DA:50,1
DA:51,2
DA:53,1
DA:54,1
DA:55,6
LF:23
LH:23
end_of_record
SF:lib\revision\methods\revision_methods.dart
DA:4,3
DA:6,9
DA:7,18
LF:3
LH:3
end_of_record
SF:lib\revision\widgets\body_revision_screen.dart
DA:19,2
DA:30,2
DA:32,2
DA:34,2
DA:36,2
DA:38,2
DA:41,2
DA:42,2
DA:43,2
DA:44,2
DA:45,2
DA:48,2
DA:49,2
DA:50,2
DA:51,2
DA:52,2
DA:53,2
DA:54,2
DA:55,2
DA:56,2
DA:57,2
LF:21
LH:21
end_of_record
SF:lib\revision\widgets\button_revision_screen.dart
DA:23,2
DA:34,2
DA:36,2
DA:38,8
DA:39,4
DA:40,2
DA:41,10
DA:42,2
DA:43,2
DA:44,2
DA:45,2
DA:46,2
DA:47,2
DA:48,2
DA:51,0
DA:52,0
DA:53,0
DA:54,0
DA:55,0
DA:56,0
DA:58,0
DA:59,0
DA:60,0
DA:61,0
DA:62,0
DA:68,2
DA:69,2
DA:70,2
DA:73,0
DA:74,0
DA:75,0
DA:76,0
DA:78,2
DA:80,2
DA:81,4
LF:35
LH:20
end_of_record
SF:lib\revision\widgets\column_revision_infos.dart
DA:10,2
DA:16,2
DA:23,2
DA:25,2
DA:26,2
DA:28,2
DA:29,4
DA:30,10
DA:33,2
DA:34,6
DA:36,2
DA:37,4
DA:38,2
DA:39,4
LF:14
LH:14
end_of_record
SF:lib\revision\widgets\user_text_revision.dart
DA:6,15
DA:10,2
DA:12,2
DA:13,4
LF:4
LH:4
end_of_record
SF:lib\revision\widgets\row_revision_info.dart
DA:6,2
DA:10,2
DA:12,2
DA:14,2
DA:16,2
DA:18,2
DA:19,2
DA:20,2
DA:21,4
DA:23,2
DA:24,2
LF:11
LH:11
end_of_record
