SF:lib\l10n\core_strings.dart
DA:64,30
DA:68,10
DA:69,10
DA:250,12
DA:252,10
DA:254,20
DA:257,10
DA:258,30
DA:260,0
DA:264,10
DA:268,10
DA:269,20
DA:270,3
DA:271,2
DA:274,0
LF:15
LH:13
end_of_record
SF:lib\l10n\core_strings_en.dart
DA:5,20
DA:7,2
DA:10,2
DA:13,4
DA:16,4
DA:19,2
DA:21,2
DA:24,2
DA:26,2
DA:29,2
DA:32,2
DA:35,3
DA:38,2
DA:41,2
DA:44,2
DA:47,2
DA:50,2
DA:53,2
DA:56,2
DA:59,1
DA:62,2
DA:65,2
DA:68,1
DA:71,1
DA:74,1
DA:77,1
DA:80,1
DA:83,2
LF:28
LH:28
end_of_record
SF:lib\l10n\core_strings_es.dart
DA:5,2
DA:7,1
DA:10,1
DA:13,1
DA:16,1
DA:19,1
DA:21,1
DA:24,1
DA:26,1
DA:29,1
DA:32,1
DA:35,1
DA:38,1
DA:41,1
DA:44,1
DA:47,1
DA:50,1
DA:53,1
DA:56,1
DA:59,1
DA:62,1
DA:65,1
DA:68,1
DA:71,1
DA:74,1
DA:77,1
DA:80,1
DA:83,1
LF:28
LH:28
end_of_record
SF:lib\l10n\core_strings_pt.dart
DA:5,2
DA:7,1
DA:10,1
DA:13,1
DA:16,1
DA:19,1
DA:21,1
DA:24,1
DA:26,1
DA:29,1
DA:32,1
DA:35,1
DA:38,1
DA:41,1
DA:44,1
DA:47,1
DA:50,1
DA:53,1
DA:56,1
DA:59,1
DA:62,1
DA:65,1
DA:68,1
DA:71,1
DA:74,1
DA:77,1
DA:80,1
DA:83,1
LF:28
LH:28
end_of_record
SF:lib\movements\view\model\movement_model.dart
DA:10,2
LF:1
LH:1
end_of_record
SF:lib\portifolio\model\crypto_view_data.dart
DA:8,8
LF:1
LH:1
end_of_record
SF:lib\conversion\methods\conversion_methods.dart
DA:7,1
DA:8,2
DA:11,1
DA:12,2
DA:15,1
DA:18,2
DA:21,3
DA:26,1
DA:27,1
DA:28,2
DA:30,1
DA:34,1
DA:35,1
DA:36,3
DA:38,2
DA:39,4
LF:16
LH:16
end_of_record
SF:lib\portifolio\mapper\cryptos_mapper.dart
DA:6,0
DA:7,0
DA:8,0
DA:9,0
DA:10,0
DA:11,0
DA:12,0
DA:13,0
DA:14,0
DA:15,0
DA:18,0
LF:11
LH:0
end_of_record
SF:lib\shared\api\models\cryptos\get_all_cryptos_response.dart
DA:10,0
DA:12,0
DA:13,0
DA:15,0
LF:4
LH:0
end_of_record
SF:lib\shared\api\models\cryptos\get_all_cryptos_response.g.dart
DA:9,0
DA:11,0
DA:12,0
DA:13,0
DA:14,0
DA:17,0
DA:19,0
DA:20,0
LF:8
LH:0
end_of_record
SF:lib\portifolio\repository\cryptos_repository.dart
DA:9,1
DA:11,1
DA:12,2
DA:14,0
DA:15,0
DA:16,0
DA:17,0
DA:18,0
LF:8
LH:3
end_of_record
SF:lib\shared\api\models\endpoints\cryptos_endpoint.dart
DA:7,3
DA:9,2
DA:10,4
DA:11,4
DA:14,1
DA:15,2
DA:16,2
LF:7
LH:7
end_of_record
SF:lib\shared\api\models\cryptos\cryptos_response.dart
DA:13,0
DA:22,0
DA:23,0
DA:25,0
LF:4
LH:0
end_of_record
SF:lib\shared\api\models\cryptos\cryptos_response.g.dart
DA:9,0
DA:10,0
DA:11,0
DA:12,0
DA:13,0
DA:14,0
DA:15,0
DA:16,0
DA:19,0
DA:20,0
DA:21,0
DA:22,0
DA:23,0
DA:24,0
DA:25,0
DA:26,0
LF:16
LH:0
end_of_record
SF:lib\portifolio\usecase\cryptos_usecase.dart
DA:7,1
DA:9,1
DA:10,2
DA:11,0
LF:4
LH:3
end_of_record
SF:lib\details\methods\details_methods.dart
DA:5,2
DA:6,2
DA:7,2
DA:13,2
DA:14,18
DA:15,2
LF:6
LH:6
end_of_record
SF:lib\details\model\cryptos_market_data_view_data.dart
DA:3,2
LF:1
LH:1
end_of_record
SF:lib\details\controller\days_provider.dart
DA:3,4
LF:1
LH:1
end_of_record
SF:lib\details\widgets\body_details_screen.dart
DA:22,1
DA:27,1
DA:29,1
DA:31,4
DA:33,1
DA:35,1
DA:37,1
DA:39,2
DA:41,1
DA:42,1
DA:43,4
DA:44,2
DA:45,2
DA:46,2
DA:55,1
DA:57,1
DA:58,2
DA:59,1
DA:60,1
DA:62,1
DA:64,3
DA:65,2
LF:22
LH:22
end_of_record
SF:lib\details\widgets\column_infos.dart
DA:10,1
DA:17,1
DA:25,1
DA:27,1
DA:28,1
DA:29,1
DA:30,3
DA:31,1
DA:32,7
DA:36,1
DA:37,3
DA:39,2
DA:41,5
DA:43,1
DA:44,2
DA:46,6
DA:48,1
DA:49,2
DA:50,5
LF:19
LH:19
end_of_record
SF:lib\shared\utils\app_arguments.dart
DA:6,2
LF:1
LH:1
end_of_record
SF:lib\shared\templates\button_default_app.dart
DA:11,2
DA:16,2
DA:18,2
DA:20,2
DA:22,2
DA:23,2
DA:24,2
DA:27,0
DA:28,0
DA:30,2
DA:32,2
DA:33,2
LF:12
LH:10
end_of_record
SF:lib\details\widgets\change_days_button.dart
DA:6,8
DA:9,1
DA:11,1
LF:3
LH:3
end_of_record
SF:lib\details\widgets\chart_details_screen.dart
DA:11,1
DA:14,1
DA:16,1
DA:18,1
DA:19,1
DA:20,1
DA:21,1
DA:22,1
DA:24,1
DA:25,1
DA:26,0
DA:27,0
DA:30,0
DA:32,0
DA:36,1
DA:38,1
DA:44,0
DA:45,0
DA:46,0
DA:47,0
DA:48,0
DA:52,0
DA:56,1
DA:59,1
DA:62,1
DA:64,1
DA:65,1
DA:66,1
DA:71,1
DA:72,1
DA:73,1
DA:86,1
DA:89,7
LF:33
LH:23
end_of_record
SF:lib\details\widgets\upper_column_crypto.dart
DA:10,1
DA:13,1
DA:15,1
DA:17,1
DA:19,1
DA:21,1
DA:22,1
DA:24,1
DA:25,1
DA:26,2
DA:32,1
DA:33,2
DA:38,1
DA:39,3
DA:40,1
DA:41,1
DA:45,1
DA:47,1
DA:48,3
LF:19
LH:19
end_of_record
SF:lib\details\widgets\chart_button.dart
DA:10,8
DA:16,1
DA:17,1
DA:21,1
DA:23,4
DA:25,1
DA:26,0
DA:27,0
DA:28,0
DA:29,0
DA:30,0
DA:34,1
DA:36,1
DA:38,4
DA:39,1
DA:41,1
DA:42,2
LF:17
LH:12
end_of_record
SF:lib\shared\utils\currency_formatter.dart
DA:5,3
DA:6,3
DA:7,6
DA:9,3
LF:4
LH:4
end_of_record
SF:lib\details\widgets\row_infos.dart
DA:9,1
DA:15,1
DA:17,1
DA:19,1
DA:21,1
DA:23,1
DA:24,1
DA:25,1
DA:26,1
DA:28,1
DA:31,1
DA:32,1
DA:33,1
DA:35,1
DA:36,1
LF:15
LH:15
end_of_record
SF:lib\shared\templates\app_bar_default.dart
DA:6,2
DA:11,0
DA:14,2
DA:16,2
DA:19,2
DA:20,0
DA:21,0
DA:28,2
DA:29,2
LF:9
LH:6
end_of_record
SF:lib\portifolio\methods\portifolio_methods.dart
DA:4,1
DA:7,2
DA:8,5
LF:3
LH:3
end_of_record
SF:lib\revision\methods\revision_methods.dart
DA:4,2
DA:6,6
DA:7,12
LF:3
LH:3
end_of_record
SF:lib\revision\view\conversion_performed_screen.dart
DA:7,1
DA:9,0
DA:11,1
DA:13,1
DA:21,1
DA:23,1
DA:25,2
DA:29,2
DA:32,2
DA:33,3
DA:36,1
DA:38,2
DA:39,1
DA:42,1
DA:44,1
DA:45,1
DA:48,1
DA:49,0
DA:50,0
DA:61,1
DA:62,1
DA:64,1
DA:65,1
DA:66,2
DA:67,1
DA:68,1
DA:69,2
DA:70,2
DA:71,1
DA:72,1
DA:82,1
DA:83,2
DA:87,1
DA:88,2
DA:89,2
LF:35
LH:32
end_of_record
SF:lib\conversion\widgets\button_change_coin.dart
DA:15,1
DA:22,1
DA:23,1
DA:27,1
DA:29,1
DA:31,1
DA:32,1
DA:33,2
DA:35,1
DA:36,1
DA:44,1
DA:45,1
DA:47,1
DA:48,1
DA:49,1
DA:54,1
DA:56,1
DA:57,1
DA:59,1
DA:60,2
DA:68,1
DA:69,1
DA:70,1
DA:72,3
DA:73,1
DA:74,1
DA:75,0
DA:76,0
DA:77,0
DA:78,0
DA:79,0
DA:80,0
DA:81,0
DA:84,0
DA:86,1
DA:87,4
DA:88,5
DA:100,1
DA:101,1
DA:102,1
DA:105,1
DA:106,3
DA:111,5
LF:43
LH:35
end_of_record
SF:lib\conversion\widgets\interactive_text.dart
DA:6,1
DA:8,1
DA:10,1
DA:12,1
DA:13,2
LF:5
LH:5
end_of_record
SF:lib\conversion\widgets\list_tile_conversion.dart
DA:6,1
DA:10,1
DA:12,1
DA:14,1
DA:15,2
DA:16,2
DA:17,1
DA:20,1
LF:8
LH:8
end_of_record
SF:lib\conversion\widgets\total_container.dart
DA:7,1
DA:12,1
DA:14,1
DA:17,1
DA:19,1
DA:21,1
DA:22,2
DA:23,2
DA:26,1
DA:27,1
LF:10
LH:10
end_of_record
SF:lib\conversion\widgets\upper_container_conversion.dart
DA:9,1
DA:13,1
DA:15,1
DA:17,1
DA:19,4
DA:20,1
DA:22,1
DA:23,1
DA:24,2
DA:25,2
DA:27,1
DA:28,6
LF:12
LH:12
end_of_record
SF:lib\conversion\controller\cryptos_provider.dart
DA:4,0
DA:5,0
LF:2
LH:0
end_of_record
SF:lib\movements\view\movements_screen.dart
DA:9,1
DA:13,1
DA:15,4
DA:16,1
DA:17,1
DA:18,1
LF:6
LH:6
end_of_record
SF:lib\movements\widgets\body_movements.dart
DA:9,1
DA:12,1
DA:14,1
DA:16,1
DA:18,1
DA:20,1
DA:26,1
DA:27,1
DA:28,1
LF:9
LH:9
end_of_record
SF:lib\movements\widgets\container_movements.dart
DA:6,5
DA:10,1
DA:12,1
DA:14,1
DA:15,2
LF:5
LH:5
end_of_record
SF:lib\movements\widgets\list_tile_movements.dart
DA:11,1
DA:17,1
DA:21,1
DA:23,1
DA:24,1
DA:26,1
DA:27,1
DA:28,1
DA:29,1
DA:30,1
DA:33,1
DA:34,1
DA:39,1
DA:41,1
DA:42,1
DA:43,3
DA:44,1
DA:45,1
DA:48,1
DA:49,1
DA:50,1
DA:51,1
LF:22
LH:22
end_of_record
SF:lib\movements\widgets\list_view_movements.dart
DA:8,1
DA:11,1
DA:13,1
DA:15,1
DA:16,0
DA:20,2
DA:21,1
DA:22,1
DA:23,3
DA:24,3
DA:25,3
DA:26,1
LF:12
LH:11
end_of_record
SF:lib\shared\templates\bottom_navigation_bar_app.dart
DA:6,6
DA:8,3
DA:9,3
DA:13,0
DA:15,0
DA:16,0
DA:17,0
DA:21,0
DA:22,0
DA:23,0
DA:30,3
DA:32,3
DA:34,6
DA:35,3
DA:36,3
DA:37,3
DA:41,6
DA:43,3
DA:47,6
LF:19
LH:12
end_of_record
SF:lib\shared\controller\movement_provider.dart
DA:5,6
DA:6,2
DA:7,2
LF:3
LH:3
end_of_record
SF:lib\revision\widgets\body_revision_screen.dart
DA:19,1
DA:30,1
DA:32,1
DA:34,1
DA:36,1
DA:38,1
DA:41,1
DA:42,1
DA:43,1
DA:44,1
DA:45,1
DA:48,1
DA:49,1
DA:50,1
DA:51,1
DA:52,1
DA:53,1
DA:54,1
DA:55,1
DA:56,1
DA:57,1
LF:21
LH:21
end_of_record
SF:lib\revision\widgets\button_revision_screen.dart
DA:23,1
DA:34,1
DA:36,1
DA:38,4
DA:39,2
DA:40,1
DA:41,5
DA:42,1
DA:43,1
DA:44,1
DA:45,1
DA:46,1
DA:47,1
DA:48,1
DA:51,0
DA:52,0
DA:53,0
DA:54,0
DA:55,0
DA:56,0
DA:58,0
DA:59,0
DA:60,0
DA:61,0
DA:62,0
DA:68,1
DA:69,1
DA:70,1
DA:73,0
DA:74,0
DA:75,0
DA:76,0
DA:78,1
DA:80,1
DA:81,2
LF:35
LH:20
end_of_record
SF:lib\revision\widgets\column_revision_infos.dart
DA:10,1
DA:16,1
DA:23,1
DA:25,1
DA:26,1
DA:28,1
DA:29,2
DA:30,5
DA:33,1
DA:34,3
DA:36,1
DA:37,2
DA:38,1
DA:39,2
LF:14
LH:14
end_of_record
SF:lib\revision\widgets\row_revision_info.dart
DA:6,1
DA:10,1
DA:12,1
DA:14,1
DA:16,1
DA:18,1
DA:19,1
DA:20,1
DA:21,2
DA:23,1
DA:24,1
LF:11
LH:11
end_of_record
SF:lib\revision\widgets\user_text_revision.dart
DA:6,1
DA:10,1
DA:12,1
DA:13,2
LF:4
LH:4
end_of_record
SF:lib\portifolio\controller\crypto_individual_balance_notifier.dart
DA:5,0
DA:6,0
DA:7,0
DA:11,0
DA:12,0
DA:13,0
LF:6
LH:0
end_of_record
SF:lib\portifolio\repository\cryptos_repository_provider.dart
DA:5,3
DA:6,1
DA:7,1
DA:8,2
LF:4
LH:4
end_of_record
SF:lib\shared\api\models\endpoints\cryptos_endpoint_provider.dart
DA:6,3
DA:7,1
DA:8,1
DA:9,1
DA:10,1
LF:5
LH:5
end_of_record
SF:lib\portifolio\usecase\cryptos_provider.dart
DA:6,3
DA:7,1
DA:8,1
DA:9,2
DA:14,3
DA:15,1
DA:16,3
LF:7
LH:7
end_of_record
SF:lib\portifolio\widgets\body_portifolio_screen.dart
DA:11,1
DA:15,1
DA:17,1
DA:19,1
DA:20,1
DA:23,1
DA:25,1
DA:26,1
DA:27,1
LF:9
LH:9
end_of_record
SF:lib\portifolio\widgets\invisible_container.dart
DA:5,2
DA:10,1
DA:12,1
DA:13,1
DA:15,1
DA:16,1
DA:17,1
LF:7
LH:7
end_of_record
SF:lib\portifolio\widgets\listile_crypto.dart
DA:13,1
DA:15,1
DA:17,1
DA:19,3
DA:20,1
DA:21,0
DA:22,0
DA:25,0
DA:29,1
DA:30,2
DA:33,1
DA:35,1
DA:36,4
DA:37,1
DA:38,4
DA:42,1
DA:44,1
DA:45,1
DA:46,2
DA:48,1
DA:49,1
DA:50,6
LF:22
LH:19
end_of_record
SF:lib\portifolio\widgets\listview_crypto.dart
DA:10,1
DA:14,1
DA:16,1
DA:18,1
DA:20,2
DA:21,1
DA:22,1
DA:23,2
DA:24,1
DA:26,2
LF:10
LH:10
end_of_record
SF:lib\portifolio\widgets\upper_container_crypto.dart
DA:12,2
DA:14,1
DA:15,1
DA:19,1
DA:21,4
DA:22,5
DA:24,1
DA:28,1
DA:30,1
DA:31,1
DA:33,1
DA:34,1
DA:35,2
DA:43,1
DA:44,1
DA:45,2
DA:46,2
DA:49,1
DA:50,1
DA:54,1
DA:55,1
DA:56,1
DA:64,1
DA:65,2
DA:66,2
LF:25
LH:25
end_of_record
SF:lib\portifolio\controller\balance_provider.dart
DA:3,4
LF:1
LH:1
end_of_record
SF:lib\portifolio\controller\visibility_provider.dart
DA:3,3
DA:4,1
LF:2
LH:2
end_of_record
SF:lib\shared\templates\error_body.dart
DA:7,1
DA:10,1
DA:12,1
DA:14,1
DA:15,1
DA:18,1
DA:31,1
DA:32,1
LF:8
LH:8
end_of_record
SF:lib\shared\templates\loading_body.dart
DA:6,1
DA:8,1
DA:10,1
DA:11,1
DA:14,1
DA:15,1
DA:16,1
LF:7
LH:7
end_of_record
